main.py:166 #INFO     [2024-10-24 17:34:03,830] - __main__ - Starting bot
main.py:171 #ERROR    [2024-10-24 17:34:03,830] - __main__ - Bot tokeni topilmadi. .env faylini tekshiring.
main.py:166 #INFO     [2024-10-24 17:34:14,741] - __main__ - Starting bot
main.py:171 #ERROR    [2024-10-24 17:34:14,741] - __main__ - Bot tokeni topilmadi. .env faylini tekshiring.
main.py:188 #INFO     [2024-10-24 17:50:58,705] - __main__ - Starting bot
dispatcher.py:527 #INFO     [2024-10-24 17:50:59,663] - aiogram.dispatcher - Start polling
dispatcher.py:341 #INFO     [2024-10-24 17:50:59,761] - aiogram.dispatcher - Run polling for bot @mytetsfirst_bot id=8110199875 - 'ChatBot'
dispatcher.py:172 #INFO     [2024-10-24 17:51:09,809] - aiogram.event - Update id=446454389 is handled. Duration 904 ms by bot id=8110199875
dispatcher.py:172 #INFO     [2024-10-24 17:51:38,107] - aiogram.event - Update id=446454390 is handled. Duration 12580 ms by bot id=8110199875
dispatcher.py:455 #WARNING  [2024-10-24 17:52:48,066] - aiogram.dispatcher - Received SIGINT signal
dispatcher.py:359 #INFO     [2024-10-24 17:52:48,068] - aiogram.dispatcher - Polling stopped for bot @mytetsfirst_bot id=8110199875 - 'ChatBot'
dispatcher.py:554 #INFO     [2024-10-24 17:52:48,068] - aiogram.dispatcher - Polling stopped
main.py:162 #INFO     [2024-10-24 17:52:51,873] - __main__ - Starting bot
main.py:188 #INFO     [2024-10-24 17:53:10,947] - __main__ - Starting bot
dispatcher.py:527 #INFO     [2024-10-24 17:53:11,939] - aiogram.dispatcher - Start polling
dispatcher.py:341 #INFO     [2024-10-24 17:53:12,263] - aiogram.dispatcher - Run polling for bot @mytetsfirst_bot id=8110199875 - 'ChatBot'
dispatcher.py:455 #WARNING  [2024-10-24 17:55:11,265] - aiogram.dispatcher - Received SIGINT signal
dispatcher.py:359 #INFO     [2024-10-24 17:55:11,267] - aiogram.dispatcher - Polling stopped for bot @mytetsfirst_bot id=8110199875 - 'ChatBot'
dispatcher.py:554 #INFO     [2024-10-24 17:55:11,267] - aiogram.dispatcher - Polling stopped
main.py:183 #INFO     [2024-10-24 17:55:15,156] - __main__ - Starting bot
dispatcher.py:527 #INFO     [2024-10-24 17:55:15,858] - aiogram.dispatcher - Start polling
dispatcher.py:341 #INFO     [2024-10-24 17:55:16,161] - aiogram.dispatcher - Run polling for bot @mytetsfirst_bot id=8110199875 - 'ChatBot'
dispatcher.py:172 #INFO     [2024-10-24 17:55:20,473] - aiogram.event - Update id=446454391 is handled. Duration 810 ms by bot id=8110199875
dispatcher.py:172 #INFO     [2024-10-24 17:55:35,619] - aiogram.event - Update id=446454392 is handled. Duration 5702 ms by bot id=8110199875
dispatcher.py:172 #INFO     [2024-10-24 17:56:20,575] - aiogram.event - Update id=446454393 is handled. Duration 27716 ms by bot id=8110199875
dispatcher.py:455 #WARNING  [2024-10-24 18:06:20,442] - aiogram.dispatcher - Received SIGINT signal
dispatcher.py:359 #INFO     [2024-10-24 18:06:20,443] - aiogram.dispatcher - Polling stopped for bot @mytetsfirst_bot id=8110199875 - 'ChatBot'
dispatcher.py:554 #INFO     [2024-10-24 18:06:20,444] - aiogram.dispatcher - Polling stopped
